ELCORE GAS  calc.s 			page 1


   1              	.text
   2              	.global Start_DSP
   3              	.global Arr3
   4              	
   5              	Start_DSP:
   6 0000 0001FF00 	    MOVE 1, R0.L
   6      00000001 
   7 0002 0003FF00 	    MOVE 1, R1.L
   7      00000001 
   8              	    /*MOVE R0.l, R1.l*/
   9 0004 0005FF00 	    MOVE 1, R2.L
   9      00000001 
  10 0006 0007FF00 	    MOVE 1, R3.L
  10      00000001 
  11              	    /*MOVE R2.l, R3.l*/
  12 0008 080001ED 	    MOVE Arr1, A1
  13 0009 100101ED 	    MOVE Arr2, A2
  14 000a 180201ED 	    MOVE Arr3, A3
  15 000b 600021ED 	    MOVE 4, I4
  16 000c 0011FF00 	    MOVE 0, R8.L
  16      00000000 
  17 000e 0013FF00 	    MOVE 0, R9.L
  17      00000000 
  18              	
  19 0010 0000210D 	    DO 16, L1
  19      00000010 
  20 0012 00010780 	    MOVE R0.D, (A1)+
  20      00004220 
  21              	    /*ADDL 2, R0.l */
  22              	    /*ADDL 2, R1.l     */
  23 0014 00000180 	L1: NOP
  24              	
  25 0015 0000210D 	    DO 16, L2
  25      00000010 
  26 0017 00011780 	    MOVE R2.D, (A2)+
  26      00004420 
  27              	    /*ADDL 2, R2.l     */
  28              	    /*ADDL 2, R3.l         */
  29 0019 00000180 	L2: NOP
  30              	
  31 001a 080001ED 	    MOVE (Arr1), A1
  32 001b 100101ED 	    MOVE (Arr2), A2
  33              	
  34 001c 0000E10D 	    DO 2, L3
  34      00000002 
  35 001e 0000C90D 	        DO 4, L4
  35      00000004 
  36 0020 0019FF00 	            MOVE 0, R12.L
  36      00000000 
  37 0022 0011FF00 	            MOVE 0, R8.L
  37      00000000 
  38 0024 0013FF00 	            MOVE 0, R9.L
  38      00000000 
  39 0026 0F801567 	            MOVE A2.l, R0.l
  40 0027 0F802467 	            Move R0.l, A4.l
  41 0028 0000690D 	            DO 4, L5
  41      00000004 
ELCORE GAS  calc.s 			page 2


  42 002a 00011780 	                MOVE (A1)+, R2.d
  42      00004320 
  43 002c 00012780 	                MOVE (A4)+I4, R4.d
  43      00006920 
  44 002e 00000780 	                ML2 R2.d, R4.d, R6.q
  44      11880027 
  45 0030 578E5467 	                MOVE R7.d, R10.d
  46 0031 00153E00 	                MOVE r10.L, R7.l
  47 0032 321107B5 	                ALL2 R6.d,R8.d,R8.d
  47      00000020 
  48 0034 431278A4 	                ADDL R8.L, R9.L, R12.l
  49 0035 00000180 	            L5: NOP
  50 0036 0799C267 	            MOVE R12.l, (A3)+
  51 0037 00000180 	        L4: NOP
  52 0038 00000180 	    L3: NOP
  53 0039 F80001BE 	    STOP
  54              	
  55              	.data
  56 0000 00000000 	Arr1: .space 128, 0x00
  56      00000000 
  56      00000000 
  56      00000000 
  56      00000000 
  57 0020 00000000 	Arr2: .space 128, 0x00
  57      00000000 
  57      00000000 
  57      00000000 
  57      00000000 
  58 0040 00000000 	Arr3: .space 64, 0x00
  58      00000000 
  58      00000000 
  58      00000000 
  58      00000000 
  59              	.end
