ELCORE GAS  calc.s 			page 1


   1              	.text
   2              	.global Start_DSP
   3              	.global Arr3
   4              	
   5              	Start_DSP:
   6 0000 0001FF00 	    MOVE 1, R0.L
   6      00000001 
   7 0002 0005FF00 	    MOVE 1, R2.L
   7      00000001 
   8 0004 080001ED 	    MOVE Arr1, A1
   9 0005 100101ED 	    MOVE Arr2, A2
  10 0006 180201ED 	    MOVE Arr3, A3
  11 0007 600021ED 	    MOVE 4, I4
  12 0008 0011FF00 	    MOVE 0, R8.L
  12      00000000 
  13              	
  14 000a 0000190D 	    DO 32, L1
  14      00000020 
  15 000c 0780C267 	    MOVE R0.L, (A1)+
  16 000d 00000180 	L1: NOP
  17              	
  18 000e 0000190D 	    DO 32, L2
  18      00000020 
  19 0010 07854267 	    MOVE R2.L, (A2)+
  20 0011 00000180 	L2: NOP
  21              	
  22 0012 080001ED 	    MOVE (Arr1), A1
  23 0013 100101ED 	    MOVE (Arr2), A2
  24              	
  25 0014 0000890D 	    DO 4, L3
  25      00000004 
  26 0016 0000710D 	        DO 8, L4
  26      00000008 
  27 0018 0011FF00 	            MOVE 0, R8.l
  27      00000000 
  28 001a 0F801567 	            MOVE A2.L, R0.L
  29 001b 0F802467 	            Move R0.L, A4.L
  30 001c 0000310D 	            DO 8, L5
  30      00000008 
  31 001e 0784C367 	                MOVE (A1)+, R2.L
  32 001f 078A6367 	                MOVE (A4)+I4, R4.L
  33 0020 118978F3 	                MPYl R2.L, R4.L, R6.D
  34 0021 32000A24 	                ADDl R6.l, R8.l
  35 0022 00000180 	            L5: NOP
  36 0023 0791C267 	            MOVE R8.L, (A3)+
  37 0024 00000180 	        L4: NOP
  38 0025 00000180 	    L3: NOP
  39 0026 F80001BE 	    STOP
  40              	
  41              	.data
  42 0000 00000000 	Arr1: .space 128, 0x00
  42      00000000 
  42      00000000 
  42      00000000 
  42      00000000 
  43 0020 00000000 	Arr2: .space 128, 0x00
  43      00000000 
ELCORE GAS  calc.s 			page 2


  43      00000000 
  43      00000000 
  43      00000000 
  44 0040 00000000 	Arr3: .space 64, 0x00
  44      00000000 
  44      00000000 
  44      00000000 
  44      00000000 
  45              	.end
