ELCORE GAS  calc.s 			page 1


   1              	.text
   2              	.global Start_DSP
   3              	.global Arr3
   4              	
   5              	Start_DSP:
   6 0000 0001FF00 	    MOVE 2, R0.L
   6      00000002 
   7 0002 0005FF00 	    MOVE 2, R2.L
   7      00000002 
   8 0004 080001ED 	    MOVE Arr1, A1
   9 0005 100101ED 	    MOVE Arr2, A2
  10 0006 180201ED 	    MOVE Arr3, A3
  11 0007 C80021ED 	    MOVE 4, IT
  12 0008 0011FF00 	    MOVE 0, R8.L
  12      00000000 
  13 000a 000DFF00 	    MOVE 0, R6.l
  13      00000000 
  14              	
  15 000c 0000190D 	    DO 32, L1
  15      00000020 
  16 000e 0780C267 	    MOVE R0.L, (A1)+
  17 000f 00000180 	L1: NOP
  18              	
  19 0010 0000190D 	    DO 32, L2
  19      00000020 
  20 0012 07854267 	    MOVE R2.L, (A2)+
  21 0013 00000180 	L2: NOP
  22              	
  23 0014 080001ED 	    MOVE (Arr1), A1
  24 0015 100101ED 	    MOVE (Arr2), A2
  25              	
  26 0016 0F801567 	    MOVE A2.L, R0.L
  27 0017 0F80C467 	    Move R0.L, AT.L
  28 0018 0784C367 	    MOVE (A1)+, R2.L
  29 0019 00000800 	    MOVE (AT)+IT, R0.L
  29      00010000 
  30 001b 118178F3 	    MPYl R2.L, R0.L, R6.d
  31              	
  32 001c 0000890D 	    DO 4, L3
  32      00000004 
  33 001e 0000710D 	        DO 8, L4
  33      00000008 
  34 0020 0011FF00 	            MOVE 0, R8.l
  34      00000000 
  35 0022 0F801567 	            MOVE A2.L, R0.L
  36 0023 0F80C467 	            Move R0.L, AT.L
  37 0024 00000800 	            MOVE (AT)+IT, R0.l
  37      00010000 
  38 0026 0000210D 	            DO 8, L5
  38      00000008 
  39 0028 32101024 	                  MPYl R2.L, R0.L, R6.D ADDl R6.l, R8.l (A1)+,R2.L (AT)+IT,R0.L
  39      11814333 
  40 002a 00000180 	            L5: NOP
  41              	                /*MOVE (A1)+, R2.L */
  42              	               /* MOVE (A4)+I4, R4.L   *    /
  43              	                /*MPYl R2.L, R4.L, R6.D *  /
  44              	                /*ADDl R6.l, R8.l        */
ELCORE GAS  calc.s 			page 2


  45              	            /*L5: NOP*/
  46 002b 0791C267 	            MOVE R8.L, (A3)+
  47 002c 00000180 	        L4: NOP
  48 002d 00000180 	    L3: NOP
  49 002e F80001BE 	    STOP
  50              	
  51              	.data
  52 0000 00000000 	Arr1: .space 128, 0x00
  52      00000000 
  52      00000000 
  52      00000000 
  52      00000000 
  53 0020 00000000 	Arr2: .space 128, 0x00
  53      00000000 
  53      00000000 
  53      00000000 
  53      00000000 
  54 0040 00000000 	Arr3: .space 64, 0x00
  54      00000000 
  54      00000000 
  54      00000000 
  54      00000000 
  55              	.end
